<?xml version="1.0" encoding="UTF-8"?>
<!-- Generated by org.testng.reporters.JUnitXMLReporter -->
<testsuite hostname="bb05ae1b4fcd" ignored="0" name="book-flight for 2 PAX" tests="6" failures="0" timestamp="26 Apr 2020 11:16:59 GMT" time="87.565" errors="0">
  <testcase name="LaunchAppURL" time="4.476" classname="com.DemoWebTours.Test.MyTest"/>
  <testcase name="RegistrationTest" time="9.716" classname="com.DemoWebTours.Test.MyTest"/>
  <testcase name="SelectFlights" time="7.147" classname="com.DemoWebTours.Test.MyTest"/>
  <testcase name="FlightSummeryTest" time="5.028" classname="com.DemoWebTours.Test.MyTest"/>
  <testcase name="ConfPage" time="3.241" classname="com.DemoWebTours.Test.MyTest"/>
  <testcase name="LogOut" time="4.855" classname="com.DemoWebTours.Test.MyTest"/>
</testsuite> <!-- book-flight for 2 PAX -->
