<?xml version="1.0" encoding="UTF-8"?>
<!-- Generated by org.testng.reporters.JUnitXMLReporter -->
<testsuite hostname="4b321bbafd5e" ignored="0" name="book-flight for 3 PAX" tests="6" failures="0" timestamp="25 Apr 2020 13:48:40 GMT" time="41.357" errors="0">
  <testcase name="LaunchAppURL" time="4.731" classname="com.DemoWebTours.Test.MyTest"/>
  <testcase name="RegistrationTest" time="10.18" classname="com.DemoWebTours.Test.MyTest"/>
  <testcase name="SelectFlights" time="7.496" classname="com.DemoWebTours.Test.MyTest"/>
  <testcase name="FlightSummeryTest" time="5.033" classname="com.DemoWebTours.Test.MyTest"/>
  <testcase name="ConfPage" time="3.234" classname="com.DemoWebTours.Test.MyTest"/>
  <testcase name="LogOut" time="4.695" classname="com.DemoWebTours.Test.MyTest"/>
</testsuite> <!-- book-flight for 3 PAX -->
