<?xml version="1.0" encoding="UTF-8"?>
<!-- Generated by org.testng.reporters.JUnitXMLReporter -->
<testsuite hostname="4b321bbafd5e" ignored="0" name="book-flight for 1 PAX" tests="6" failures="0" timestamp="25 Apr 2020 13:48:40 GMT" time="40.948" errors="0">
  <testcase name="LaunchAppURL" time="4.977" classname="com.DemoWebTours.Test.MyTest"/>
  <testcase name="RegistrationTest" time="9.571" classname="com.DemoWebTours.Test.MyTest"/>
  <testcase name="SelectFlights" time="7.401" classname="com.DemoWebTours.Test.MyTest"/>
  <testcase name="FlightSummeryTest" time="4.817" classname="com.DemoWebTours.Test.MyTest"/>
  <testcase name="ConfPage" time="3.254" classname="com.DemoWebTours.Test.MyTest"/>
  <testcase name="LogOut" time="4.921" classname="com.DemoWebTours.Test.MyTest"/>
</testsuite> <!-- book-flight for 1 PAX -->
