<?xml version="1.0" encoding="UTF-8"?>
<testng-results skipped="0" failed="0" ignored="0" total="24" passed="24">
  <reporter-output>
  </reporter-output>
  <suite name="Book-Flight Module" duration-ms="87565" started-at="2020-04-26T11:15:31Z" finished-at="2020-04-26T11:16:59Z">
    <groups>
    </groups>
    <test name="book-flight for 4 PAX" duration-ms="50846" started-at="2020-04-26T11:15:31Z" finished-at="2020-04-26T11:16:22Z">
      <class name="com.DemoWebTours.Test.MyTest">
        <test-method status="PASS" signature="setUp()[pri:0, instance:com.DemoWebTours.Test.MyTest@7a79be86]" name="setUp" is-config="true" duration-ms="12818" started-at="2020-04-26T11:15:31Z" finished-at="2020-04-26T11:15:44Z">
          <reporter-output>
          </reporter-output>
        </test-method> <!-- setUp -->
        <test-method status="PASS" signature="setupParameters(java.lang.String, java.lang.String)[pri:0, instance:com.DemoWebTours.Test.MyTest@7a79be86]" name="setupParameters" is-config="true" duration-ms="10" started-at="2020-04-26T11:15:44Z" depends-on-methods="com.tests.BaseTest.setUp" finished-at="2020-04-26T11:15:44Z">
          <params>
            <param index="0">
              <value>
                <![CDATA[4]]>
              </value>
            </param>
            <param index="1">
              <value>
                <![CDATA[$2338 USD]]>
              </value>
            </param>
          </params>
          <reporter-output>
          </reporter-output>
        </test-method> <!-- setupParameters -->
        <test-method status="PASS" signature="LaunchAppURL()[pri:0, instance:com.DemoWebTours.Test.MyTest@7a79be86]" name="LaunchAppURL" duration-ms="4474" started-at="2020-04-26T11:15:44Z" finished-at="2020-04-26T11:15:49Z">
          <reporter-output>
          </reporter-output>
        </test-method> <!-- LaunchAppURL -->
        <test-method status="PASS" signature="RegistrationTest()[pri:0, instance:com.DemoWebTours.Test.MyTest@7a79be86]" name="RegistrationTest" duration-ms="13115" started-at="2020-04-26T11:15:49Z" depends-on-methods="com.DemoWebTours.Test.MyTest.LaunchAppURL" finished-at="2020-04-26T11:16:02Z">
          <reporter-output>
          </reporter-output>
        </test-method> <!-- RegistrationTest -->
        <test-method status="PASS" signature="SelectFlights()[pri:0, instance:com.DemoWebTours.Test.MyTest@7a79be86]" name="SelectFlights" duration-ms="7361" started-at="2020-04-26T11:16:02Z" depends-on-methods="com.DemoWebTours.Test.MyTest.RegistrationTest" finished-at="2020-04-26T11:16:09Z">
          <reporter-output>
          </reporter-output>
        </test-method> <!-- SelectFlights -->
        <test-method status="PASS" signature="FlightSummeryTest()[pri:0, instance:com.DemoWebTours.Test.MyTest@7a79be86]" name="FlightSummeryTest" duration-ms="5159" started-at="2020-04-26T11:16:09Z" depends-on-methods="com.DemoWebTours.Test.MyTest.SelectFlights" finished-at="2020-04-26T11:16:14Z">
          <reporter-output>
          </reporter-output>
        </test-method> <!-- FlightSummeryTest -->
        <test-method status="PASS" signature="ConfPage()[pri:0, instance:com.DemoWebTours.Test.MyTest@7a79be86]" name="ConfPage" duration-ms="3249" started-at="2020-04-26T11:16:14Z" depends-on-methods="com.DemoWebTours.Test.MyTest.FlightSummeryTest" finished-at="2020-04-26T11:16:18Z">
          <reporter-output>
          </reporter-output>
        </test-method> <!-- ConfPage -->
        <test-method status="PASS" signature="LogOut()[pri:0, instance:com.DemoWebTours.Test.MyTest@7a79be86]" name="LogOut" duration-ms="4523" started-at="2020-04-26T11:16:18Z" depends-on-methods="com.DemoWebTours.Test.MyTest.ConfPage" finished-at="2020-04-26T11:16:22Z">
          <reporter-output>
          </reporter-output>
        </test-method> <!-- LogOut -->
        <test-method status="PASS" signature="TearDown()[pri:0, instance:com.DemoWebTours.Test.MyTest@7a79be86]" name="TearDown" is-config="true" duration-ms="74" started-at="2020-04-26T11:16:22Z" finished-at="2020-04-26T11:16:22Z">
          <reporter-output>
          </reporter-output>
        </test-method> <!-- TearDown -->
      </class> <!-- com.DemoWebTours.Test.MyTest -->
    </test> <!-- book-flight for 4 PAX -->
    <test name="book-flight for 1 PAX" duration-ms="51685" started-at="2020-04-26T11:15:31Z" finished-at="2020-04-26T11:16:23Z">
      <class name="com.DemoWebTours.Test.MyTest">
        <test-method status="PASS" signature="setUp()[pri:0, instance:com.DemoWebTours.Test.MyTest@4ec6a292]" name="setUp" is-config="true" duration-ms="12823" started-at="2020-04-26T11:15:31Z" finished-at="2020-04-26T11:15:44Z">
          <reporter-output>
          </reporter-output>
        </test-method> <!-- setUp -->
        <test-method status="PASS" signature="setupParameters(java.lang.String, java.lang.String)[pri:0, instance:com.DemoWebTours.Test.MyTest@4ec6a292]" name="setupParameters" is-config="true" duration-ms="5" started-at="2020-04-26T11:15:44Z" depends-on-methods="com.tests.BaseTest.setUp" finished-at="2020-04-26T11:15:44Z">
          <params>
            <param index="0">
              <value>
                <![CDATA[1]]>
              </value>
            </param>
            <param index="1">
              <value>
                <![CDATA[$584 USD]]>
              </value>
            </param>
          </params>
          <reporter-output>
          </reporter-output>
        </test-method> <!-- setupParameters -->
        <test-method status="PASS" signature="LaunchAppURL()[pri:0, instance:com.DemoWebTours.Test.MyTest@4ec6a292]" name="LaunchAppURL" duration-ms="4580" started-at="2020-04-26T11:15:44Z" finished-at="2020-04-26T11:15:49Z">
          <reporter-output>
          </reporter-output>
        </test-method> <!-- LaunchAppURL -->
        <test-method status="PASS" signature="RegistrationTest()[pri:0, instance:com.DemoWebTours.Test.MyTest@4ec6a292]" name="RegistrationTest" duration-ms="13001" started-at="2020-04-26T11:15:49Z" depends-on-methods="com.DemoWebTours.Test.MyTest.LaunchAppURL" finished-at="2020-04-26T11:16:02Z">
          <reporter-output>
          </reporter-output>
        </test-method> <!-- RegistrationTest -->
        <test-method status="PASS" signature="SelectFlights()[pri:0, instance:com.DemoWebTours.Test.MyTest@4ec6a292]" name="SelectFlights" duration-ms="7845" started-at="2020-04-26T11:16:02Z" depends-on-methods="com.DemoWebTours.Test.MyTest.RegistrationTest" finished-at="2020-04-26T11:16:10Z">
          <reporter-output>
          </reporter-output>
        </test-method> <!-- SelectFlights -->
        <test-method status="PASS" signature="FlightSummeryTest()[pri:0, instance:com.DemoWebTours.Test.MyTest@4ec6a292]" name="FlightSummeryTest" duration-ms="5190" started-at="2020-04-26T11:16:10Z" depends-on-methods="com.DemoWebTours.Test.MyTest.SelectFlights" finished-at="2020-04-26T11:16:15Z">
          <reporter-output>
          </reporter-output>
        </test-method> <!-- FlightSummeryTest -->
        <test-method status="PASS" signature="ConfPage()[pri:0, instance:com.DemoWebTours.Test.MyTest@4ec6a292]" name="ConfPage" duration-ms="3228" started-at="2020-04-26T11:16:15Z" depends-on-methods="com.DemoWebTours.Test.MyTest.FlightSummeryTest" finished-at="2020-04-26T11:16:18Z">
          <reporter-output>
          </reporter-output>
        </test-method> <!-- ConfPage -->
        <test-method status="PASS" signature="LogOut()[pri:0, instance:com.DemoWebTours.Test.MyTest@4ec6a292]" name="LogOut" duration-ms="4854" started-at="2020-04-26T11:16:18Z" depends-on-methods="com.DemoWebTours.Test.MyTest.ConfPage" finished-at="2020-04-26T11:16:23Z">
          <reporter-output>
          </reporter-output>
        </test-method> <!-- LogOut -->
        <test-method status="PASS" signature="TearDown()[pri:0, instance:com.DemoWebTours.Test.MyTest@4ec6a292]" name="TearDown" is-config="true" duration-ms="89" started-at="2020-04-26T11:16:23Z" finished-at="2020-04-26T11:16:23Z">
          <reporter-output>
          </reporter-output>
        </test-method> <!-- TearDown -->
      </class> <!-- com.DemoWebTours.Test.MyTest -->
    </test> <!-- book-flight for 1 PAX -->
    <test name="book-flight for 3 PAX" duration-ms="52300" started-at="2020-04-26T11:15:31Z" finished-at="2020-04-26T11:16:24Z">
      <class name="com.DemoWebTours.Test.MyTest">
        <test-method status="PASS" signature="setUp()[pri:0, instance:com.DemoWebTours.Test.MyTest@49e4cb85]" name="setUp" is-config="true" duration-ms="12822" started-at="2020-04-26T11:15:31Z" finished-at="2020-04-26T11:15:44Z">
          <reporter-output>
          </reporter-output>
        </test-method> <!-- setUp -->
        <test-method status="PASS" signature="setupParameters(java.lang.String, java.lang.String)[pri:0, instance:com.DemoWebTours.Test.MyTest@49e4cb85]" name="setupParameters" is-config="true" duration-ms="19" started-at="2020-04-26T11:15:44Z" depends-on-methods="com.tests.BaseTest.setUp" finished-at="2020-04-26T11:15:44Z">
          <params>
            <param index="0">
              <value>
                <![CDATA[3]]>
              </value>
            </param>
            <param index="1">
              <value>
                <![CDATA[$1753 USD]]>
              </value>
            </param>
          </params>
          <reporter-output>
          </reporter-output>
        </test-method> <!-- setupParameters -->
        <test-method status="PASS" signature="LaunchAppURL()[pri:0, instance:com.DemoWebTours.Test.MyTest@49e4cb85]" name="LaunchAppURL" duration-ms="4780" started-at="2020-04-26T11:15:44Z" finished-at="2020-04-26T11:15:49Z">
          <reporter-output>
          </reporter-output>
        </test-method> <!-- LaunchAppURL -->
        <test-method status="PASS" signature="RegistrationTest()[pri:0, instance:com.DemoWebTours.Test.MyTest@49e4cb85]" name="RegistrationTest" duration-ms="12925" started-at="2020-04-26T11:15:49Z" depends-on-methods="com.DemoWebTours.Test.MyTest.LaunchAppURL" finished-at="2020-04-26T11:16:02Z">
          <reporter-output>
          </reporter-output>
        </test-method> <!-- RegistrationTest -->
        <test-method status="PASS" signature="SelectFlights()[pri:0, instance:com.DemoWebTours.Test.MyTest@49e4cb85]" name="SelectFlights" duration-ms="8379" started-at="2020-04-26T11:16:02Z" depends-on-methods="com.DemoWebTours.Test.MyTest.RegistrationTest" finished-at="2020-04-26T11:16:10Z">
          <reporter-output>
          </reporter-output>
        </test-method> <!-- SelectFlights -->
        <test-method status="PASS" signature="FlightSummeryTest()[pri:0, instance:com.DemoWebTours.Test.MyTest@49e4cb85]" name="FlightSummeryTest" duration-ms="5096" started-at="2020-04-26T11:16:10Z" depends-on-methods="com.DemoWebTours.Test.MyTest.SelectFlights" finished-at="2020-04-26T11:16:15Z">
          <reporter-output>
          </reporter-output>
        </test-method> <!-- FlightSummeryTest -->
        <test-method status="PASS" signature="ConfPage()[pri:0, instance:com.DemoWebTours.Test.MyTest@49e4cb85]" name="ConfPage" duration-ms="3239" started-at="2020-04-26T11:16:15Z" depends-on-methods="com.DemoWebTours.Test.MyTest.FlightSummeryTest" finished-at="2020-04-26T11:16:19Z">
          <reporter-output>
          </reporter-output>
        </test-method> <!-- ConfPage -->
        <test-method status="PASS" signature="LogOut()[pri:0, instance:com.DemoWebTours.Test.MyTest@49e4cb85]" name="LogOut" duration-ms="4857" started-at="2020-04-26T11:16:19Z" depends-on-methods="com.DemoWebTours.Test.MyTest.ConfPage" finished-at="2020-04-26T11:16:24Z">
          <reporter-output>
          </reporter-output>
        </test-method> <!-- LogOut -->
        <test-method status="PASS" signature="TearDown()[pri:0, instance:com.DemoWebTours.Test.MyTest@49e4cb85]" name="TearDown" is-config="true" duration-ms="128" started-at="2020-04-26T11:16:24Z" finished-at="2020-04-26T11:16:24Z">
          <reporter-output>
          </reporter-output>
        </test-method> <!-- TearDown -->
      </class> <!-- com.DemoWebTours.Test.MyTest -->
    </test> <!-- book-flight for 3 PAX -->
    <test name="book-flight for 2 PAX" duration-ms="87565" started-at="2020-04-26T11:15:31Z" finished-at="2020-04-26T11:16:59Z">
      <class name="com.DemoWebTours.Test.MyTest">
        <test-method status="PASS" signature="setUp()[pri:0, instance:com.DemoWebTours.Test.MyTest@e580929]" name="setUp" is-config="true" duration-ms="53018" started-at="2020-04-26T11:15:31Z" finished-at="2020-04-26T11:16:24Z">
          <reporter-output>
          </reporter-output>
        </test-method> <!-- setUp -->
        <test-method status="PASS" signature="setupParameters(java.lang.String, java.lang.String)[pri:0, instance:com.DemoWebTours.Test.MyTest@e580929]" name="setupParameters" is-config="true" duration-ms="1" started-at="2020-04-26T11:16:24Z" depends-on-methods="com.tests.BaseTest.setUp" finished-at="2020-04-26T11:16:24Z">
          <params>
            <param index="0">
              <value>
                <![CDATA[2]]>
              </value>
            </param>
            <param index="1">
              <value>
                <![CDATA[$1169 USD]]>
              </value>
            </param>
          </params>
          <reporter-output>
          </reporter-output>
        </test-method> <!-- setupParameters -->
        <test-method status="PASS" signature="LaunchAppURL()[pri:0, instance:com.DemoWebTours.Test.MyTest@e580929]" name="LaunchAppURL" duration-ms="4476" started-at="2020-04-26T11:16:24Z" finished-at="2020-04-26T11:16:29Z">
          <reporter-output>
          </reporter-output>
        </test-method> <!-- LaunchAppURL -->
        <test-method status="PASS" signature="RegistrationTest()[pri:0, instance:com.DemoWebTours.Test.MyTest@e580929]" name="RegistrationTest" duration-ms="9716" started-at="2020-04-26T11:16:29Z" depends-on-methods="com.DemoWebTours.Test.MyTest.LaunchAppURL" finished-at="2020-04-26T11:16:39Z">
          <reporter-output>
          </reporter-output>
        </test-method> <!-- RegistrationTest -->
        <test-method status="PASS" signature="SelectFlights()[pri:0, instance:com.DemoWebTours.Test.MyTest@e580929]" name="SelectFlights" duration-ms="7147" started-at="2020-04-26T11:16:39Z" depends-on-methods="com.DemoWebTours.Test.MyTest.RegistrationTest" finished-at="2020-04-26T11:16:46Z">
          <reporter-output>
          </reporter-output>
        </test-method> <!-- SelectFlights -->
        <test-method status="PASS" signature="FlightSummeryTest()[pri:0, instance:com.DemoWebTours.Test.MyTest@e580929]" name="FlightSummeryTest" duration-ms="5028" started-at="2020-04-26T11:16:46Z" depends-on-methods="com.DemoWebTours.Test.MyTest.SelectFlights" finished-at="2020-04-26T11:16:51Z">
          <reporter-output>
          </reporter-output>
        </test-method> <!-- FlightSummeryTest -->
        <test-method status="PASS" signature="ConfPage()[pri:0, instance:com.DemoWebTours.Test.MyTest@e580929]" name="ConfPage" duration-ms="3241" started-at="2020-04-26T11:16:51Z" depends-on-methods="com.DemoWebTours.Test.MyTest.FlightSummeryTest" finished-at="2020-04-26T11:16:54Z">
          <reporter-output>
          </reporter-output>
        </test-method> <!-- ConfPage -->
        <test-method status="PASS" signature="LogOut()[pri:0, instance:com.DemoWebTours.Test.MyTest@e580929]" name="LogOut" duration-ms="4855" started-at="2020-04-26T11:16:54Z" depends-on-methods="com.DemoWebTours.Test.MyTest.ConfPage" finished-at="2020-04-26T11:16:59Z">
          <reporter-output>
          </reporter-output>
        </test-method> <!-- LogOut -->
        <test-method status="PASS" signature="TearDown()[pri:0, instance:com.DemoWebTours.Test.MyTest@e580929]" name="TearDown" is-config="true" duration-ms="72" started-at="2020-04-26T11:16:59Z" finished-at="2020-04-26T11:16:59Z">
          <reporter-output>
          </reporter-output>
        </test-method> <!-- TearDown -->
      </class> <!-- com.DemoWebTours.Test.MyTest -->
    </test> <!-- book-flight for 2 PAX -->
  </suite> <!-- Book-Flight Module -->
</testng-results>
